<?xml version="1.0" encoding="UTF-8"?>
<!-- Generated by org.testng.reporters.JUnitReportReporter -->
<testsuite hostname="LAPTOP-5DHIFFD9" name="Test.Testngpro2" tests="1" failures="0" timestamp="20 Mar 2018 03:36:56 GMT" time="3.422" errors="0">
  <testcase name="login" time="3.422" classname="Test.Testngpro2"/>
</testsuite> <!-- Test.Testngpro2 -->
