<?xml version="1.0" encoding="UTF-8"?>
<!-- Generated by org.testng.reporters.JUnitReportReporter -->
<testsuite hostname="LAPTOP-5DHIFFD9" name="Test.Testngpro1" tests="2" failures="0" timestamp="16 Mar 2018 03:49:47 GMT" time="9.231" errors="0">
  <testcase name="login" time="7.750" classname="Test.Testngpro1"/>
  <testcase name="logout" time="1.481" classname="Test.Testngpro1"/>
</testsuite> <!-- Test.Testngpro1 -->
