<?xml version="1.0" encoding="UTF-8"?>
<!-- Generated by org.testng.reporters.JUnitReportReporter -->
<testsuite hostname="LAPTOP-5DHIFFD9" name="Test.TestNG" tests="2" failures="0" timestamp="15 Mar 2018 03:08:26 GMT" time="0.000" errors="0">
  <testcase name="Methd10" time="0.000" classname="Test.TestNG"/>
  <testcase name="methd1" time="0.000" classname="Test.TestNG"/>
</testsuite> <!-- Test.TestNG -->
