<?xml version="1.0" encoding="UTF-8"?>
<!-- Generated by org.testng.reporters.JUnitReportReporter -->
<testsuite skipped="0" hostname="LAPTOP-5DHIFFD9" name="TestScripts.InputformsTestScripts" tests="1" failures="0" timestamp="07 Apr 2018 07:13:15 GMT" time="11.902" errors="0">
  <testcase name="testScripts" time="11.902" classname="TestScripts.InputformsTestScripts"/>
</testsuite> <!-- TestScripts.InputformsTestScripts -->
