<?xml version="1.0" encoding="UTF-8"?>
<!-- Generated by org.testng.reporters.JUnitReportReporter -->
<testsuite skipped="0" hostname="LAPTOP-5DHIFFD9" name="InputFormsTestScripts.CheckBoxTestScripts" tests="1" failures="0" timestamp="07 Apr 2018 08:24:21 GMT" time="0.865" errors="0">
  <testcase name="CheckBoxtestScript2" time="0.865" classname="InputFormsTestScripts.CheckBoxTestScripts"/>
</testsuite> <!-- InputFormsTestScripts.CheckBoxTestScripts -->
