<?xml version="1.0" encoding="UTF-8"?>
<!-- Generated by org.testng.reporters.JUnitReportReporter -->
<testsuite skipped="0" hostname="LAPTOP-5DHIFFD9" name="InputFormsTestScripts.SimpleformsTestScripts" tests="1" failures="0" timestamp="07 Apr 2018 08:21:48 GMT" time="1.329" errors="0">
  <testcase name="testScripts2" time="1.329" classname="InputFormsTestScripts.SimpleformsTestScripts"/>
</testsuite> <!-- InputFormsTestScripts.SimpleformsTestScripts -->
